
*** Running vivado
    with args -log system_wrapper.vdi -applog -m64 -product Vivado -messageDb vivado.pb -mode batch -source system_wrapper.tcl -notrace


****** Vivado v2023.1 (64-bit)
  **** SW Build 3865809 on Sun May  7 15:04:56 MDT 2023
  **** IP Build 3864474 on Sun May  7 20:36:21 MDT 2023
  **** SharedData Build 3865790 on Sun May 07 13:33:03 MDT 2023
    ** Copyright 1986-2022 Xilinx, Inc. All Rights Reserved.
    ** Copyright 2022-2023 Advanced Micro Devices, Inc. All Rights Reserved.

source system_wrapper.tcl -notrace
create_project: Time (s): cpu = 00:00:06 ; elapsed = 00:00:06 . Memory (MB): peak = 2004.664 ; gain = 112.992 ; free physical = 8413 ; free virtual = 12971
INFO: [IP_Flow 19-234] Refreshing IP repositories
INFO: [IP_Flow 19-1700] Loaded user IP repository '/home/ksalone/Loitsut/red-pitaya-notes-xc7z010clg400-1/tmp/cores'.
INFO: [IP_Flow 19-2313] Loaded Vivado IP repository '/opt/Xilinx/Vivado/2023.1/data/ip'.
Command: link_design -top system_wrapper -part xc7z010clg400-1
Design is defaulting to srcset: sources_1
Design is defaulting to constrset: constrs_1
INFO: [Device 21-403] Loading part xc7z010clg400-1
Netlist sorting complete. Time (s): cpu = 00:00:00.01 ; elapsed = 00:00:00 . Memory (MB): peak = 2377.594 ; gain = 0.000 ; free physical = 8001 ; free virtual = 12568
INFO: [Netlist 29-17] Analyzing 9 Unisim elements for replacement
INFO: [Netlist 29-28] Unisim Transformation completed in 0 CPU seconds
INFO: [Project 1-479] Netlist was created with Vivado 2023.1
INFO: [Project 1-570] Preparing netlist for logic optimization
Parsing XDC File [/home/ksalone/Loitsut/red-pitaya-notes-xc7z010clg400-1/tmp/led_blinker.gen/sources_1/bd/system/ip/system_pll_0_0/system_pll_0_0_board.xdc] for cell 'system_i/pll_0/inst'
Finished Parsing XDC File [/home/ksalone/Loitsut/red-pitaya-notes-xc7z010clg400-1/tmp/led_blinker.gen/sources_1/bd/system/ip/system_pll_0_0/system_pll_0_0_board.xdc] for cell 'system_i/pll_0/inst'
Parsing XDC File [/home/ksalone/Loitsut/red-pitaya-notes-xc7z010clg400-1/tmp/led_blinker.gen/sources_1/bd/system/ip/system_pll_0_0/system_pll_0_0.xdc] for cell 'system_i/pll_0/inst'
INFO: [Timing 38-35] Done setting XDC timing constraints. [/home/ksalone/Loitsut/red-pitaya-notes-xc7z010clg400-1/tmp/led_blinker.gen/sources_1/bd/system/ip/system_pll_0_0/system_pll_0_0.xdc:57]
INFO: [Timing 38-2] Deriving generated clocks [/home/ksalone/Loitsut/red-pitaya-notes-xc7z010clg400-1/tmp/led_blinker.gen/sources_1/bd/system/ip/system_pll_0_0/system_pll_0_0.xdc:57]
Finished Parsing XDC File [/home/ksalone/Loitsut/red-pitaya-notes-xc7z010clg400-1/tmp/led_blinker.gen/sources_1/bd/system/ip/system_pll_0_0/system_pll_0_0.xdc] for cell 'system_i/pll_0/inst'
Parsing XDC File [/home/ksalone/Loitsut/red-pitaya-notes-xc7z010clg400-1/tmp/led_blinker.gen/sources_1/bd/system/ip/system_ps_0_0/system_ps_0_0.xdc] for cell 'system_i/ps_0/inst'
Finished Parsing XDC File [/home/ksalone/Loitsut/red-pitaya-notes-xc7z010clg400-1/tmp/led_blinker.gen/sources_1/bd/system/ip/system_ps_0_0/system_ps_0_0.xdc] for cell 'system_i/ps_0/inst'
Parsing XDC File [/home/ksalone/Loitsut/red-pitaya-notes-xc7z010clg400-1/cfg/clocks.xdc]
Finished Parsing XDC File [/home/ksalone/Loitsut/red-pitaya-notes-xc7z010clg400-1/cfg/clocks.xdc]
Parsing XDC File [/home/ksalone/Loitsut/red-pitaya-notes-xc7z010clg400-1/cfg/ports.xdc]
WARNING: [Vivado 12-584] No ports matched 'Vp_Vn_v_p'. [/home/ksalone/Loitsut/red-pitaya-notes-xc7z010clg400-1/cfg/ports.xdc:127]
CRITICAL WARNING: [Common 17-55] 'set_property' expects at least one object. [/home/ksalone/Loitsut/red-pitaya-notes-xc7z010clg400-1/cfg/ports.xdc:127]
Resolution: If [get_<value>] was used to populate the object, check to make sure this command returns at least one valid object.
WARNING: [Vivado 12-584] No ports matched 'Vp_Vn_v_n'. [/home/ksalone/Loitsut/red-pitaya-notes-xc7z010clg400-1/cfg/ports.xdc:128]
CRITICAL WARNING: [Common 17-55] 'set_property' expects at least one object. [/home/ksalone/Loitsut/red-pitaya-notes-xc7z010clg400-1/cfg/ports.xdc:128]
Resolution: If [get_<value>] was used to populate the object, check to make sure this command returns at least one valid object.
WARNING: [Vivado 12-584] No ports matched 'Vaux0_v_p'. [/home/ksalone/Loitsut/red-pitaya-notes-xc7z010clg400-1/cfg/ports.xdc:129]
CRITICAL WARNING: [Common 17-55] 'set_property' expects at least one object. [/home/ksalone/Loitsut/red-pitaya-notes-xc7z010clg400-1/cfg/ports.xdc:129]
Resolution: If [get_<value>] was used to populate the object, check to make sure this command returns at least one valid object.
WARNING: [Vivado 12-584] No ports matched 'Vaux0_v_n'. [/home/ksalone/Loitsut/red-pitaya-notes-xc7z010clg400-1/cfg/ports.xdc:130]
CRITICAL WARNING: [Common 17-55] 'set_property' expects at least one object. [/home/ksalone/Loitsut/red-pitaya-notes-xc7z010clg400-1/cfg/ports.xdc:130]
Resolution: If [get_<value>] was used to populate the object, check to make sure this command returns at least one valid object.
WARNING: [Vivado 12-584] No ports matched 'Vaux1_v_p'. [/home/ksalone/Loitsut/red-pitaya-notes-xc7z010clg400-1/cfg/ports.xdc:131]
CRITICAL WARNING: [Common 17-55] 'set_property' expects at least one object. [/home/ksalone/Loitsut/red-pitaya-notes-xc7z010clg400-1/cfg/ports.xdc:131]
Resolution: If [get_<value>] was used to populate the object, check to make sure this command returns at least one valid object.
WARNING: [Vivado 12-584] No ports matched 'Vaux1_v_n'. [/home/ksalone/Loitsut/red-pitaya-notes-xc7z010clg400-1/cfg/ports.xdc:132]
CRITICAL WARNING: [Common 17-55] 'set_property' expects at least one object. [/home/ksalone/Loitsut/red-pitaya-notes-xc7z010clg400-1/cfg/ports.xdc:132]
Resolution: If [get_<value>] was used to populate the object, check to make sure this command returns at least one valid object.
WARNING: [Vivado 12-584] No ports matched 'Vaux8_v_p'. [/home/ksalone/Loitsut/red-pitaya-notes-xc7z010clg400-1/cfg/ports.xdc:133]
CRITICAL WARNING: [Common 17-55] 'set_property' expects at least one object. [/home/ksalone/Loitsut/red-pitaya-notes-xc7z010clg400-1/cfg/ports.xdc:133]
Resolution: If [get_<value>] was used to populate the object, check to make sure this command returns at least one valid object.
WARNING: [Vivado 12-584] No ports matched 'Vaux8_v_n'. [/home/ksalone/Loitsut/red-pitaya-notes-xc7z010clg400-1/cfg/ports.xdc:134]
CRITICAL WARNING: [Common 17-55] 'set_property' expects at least one object. [/home/ksalone/Loitsut/red-pitaya-notes-xc7z010clg400-1/cfg/ports.xdc:134]
Resolution: If [get_<value>] was used to populate the object, check to make sure this command returns at least one valid object.
WARNING: [Vivado 12-584] No ports matched 'Vaux9_v_p'. [/home/ksalone/Loitsut/red-pitaya-notes-xc7z010clg400-1/cfg/ports.xdc:135]
CRITICAL WARNING: [Common 17-55] 'set_property' expects at least one object. [/home/ksalone/Loitsut/red-pitaya-notes-xc7z010clg400-1/cfg/ports.xdc:135]
Resolution: If [get_<value>] was used to populate the object, check to make sure this command returns at least one valid object.
WARNING: [Vivado 12-584] No ports matched 'Vaux9_v_n'. [/home/ksalone/Loitsut/red-pitaya-notes-xc7z010clg400-1/cfg/ports.xdc:136]
CRITICAL WARNING: [Common 17-55] 'set_property' expects at least one object. [/home/ksalone/Loitsut/red-pitaya-notes-xc7z010clg400-1/cfg/ports.xdc:136]
Resolution: If [get_<value>] was used to populate the object, check to make sure this command returns at least one valid object.
WARNING: [Vivado 12-584] No ports matched 'Vp_Vn_v_p'. [/home/ksalone/Loitsut/red-pitaya-notes-xc7z010clg400-1/cfg/ports.xdc:138]
CRITICAL WARNING: [Common 17-55] 'set_property' expects at least one object. [/home/ksalone/Loitsut/red-pitaya-notes-xc7z010clg400-1/cfg/ports.xdc:138]
Resolution: If [get_<value>] was used to populate the object, check to make sure this command returns at least one valid object.
WARNING: [Vivado 12-584] No ports matched 'Vp_Vn_v_n'. [/home/ksalone/Loitsut/red-pitaya-notes-xc7z010clg400-1/cfg/ports.xdc:139]
CRITICAL WARNING: [Common 17-55] 'set_property' expects at least one object. [/home/ksalone/Loitsut/red-pitaya-notes-xc7z010clg400-1/cfg/ports.xdc:139]
Resolution: If [get_<value>] was used to populate the object, check to make sure this command returns at least one valid object.
WARNING: [Vivado 12-584] No ports matched 'Vaux0_v_p'. [/home/ksalone/Loitsut/red-pitaya-notes-xc7z010clg400-1/cfg/ports.xdc:140]
CRITICAL WARNING: [Common 17-55] 'set_property' expects at least one object. [/home/ksalone/Loitsut/red-pitaya-notes-xc7z010clg400-1/cfg/ports.xdc:140]
Resolution: If [get_<value>] was used to populate the object, check to make sure this command returns at least one valid object.
WARNING: [Vivado 12-584] No ports matched 'Vaux0_v_n'. [/home/ksalone/Loitsut/red-pitaya-notes-xc7z010clg400-1/cfg/ports.xdc:141]
CRITICAL WARNING: [Common 17-55] 'set_property' expects at least one object. [/home/ksalone/Loitsut/red-pitaya-notes-xc7z010clg400-1/cfg/ports.xdc:141]
Resolution: If [get_<value>] was used to populate the object, check to make sure this command returns at least one valid object.
WARNING: [Vivado 12-584] No ports matched 'Vaux1_v_p'. [/home/ksalone/Loitsut/red-pitaya-notes-xc7z010clg400-1/cfg/ports.xdc:142]
CRITICAL WARNING: [Common 17-55] 'set_property' expects at least one object. [/home/ksalone/Loitsut/red-pitaya-notes-xc7z010clg400-1/cfg/ports.xdc:142]
Resolution: If [get_<value>] was used to populate the object, check to make sure this command returns at least one valid object.
WARNING: [Vivado 12-584] No ports matched 'Vaux1_v_n'. [/home/ksalone/Loitsut/red-pitaya-notes-xc7z010clg400-1/cfg/ports.xdc:143]
CRITICAL WARNING: [Common 17-55] 'set_property' expects at least one object. [/home/ksalone/Loitsut/red-pitaya-notes-xc7z010clg400-1/cfg/ports.xdc:143]
Resolution: If [get_<value>] was used to populate the object, check to make sure this command returns at least one valid object.
WARNING: [Vivado 12-584] No ports matched 'Vaux8_v_p'. [/home/ksalone/Loitsut/red-pitaya-notes-xc7z010clg400-1/cfg/ports.xdc:144]
CRITICAL WARNING: [Common 17-55] 'set_property' expects at least one object. [/home/ksalone/Loitsut/red-pitaya-notes-xc7z010clg400-1/cfg/ports.xdc:144]
Resolution: If [get_<value>] was used to populate the object, check to make sure this command returns at least one valid object.
WARNING: [Vivado 12-584] No ports matched 'Vaux8_v_n'. [/home/ksalone/Loitsut/red-pitaya-notes-xc7z010clg400-1/cfg/ports.xdc:145]
CRITICAL WARNING: [Common 17-55] 'set_property' expects at least one object. [/home/ksalone/Loitsut/red-pitaya-notes-xc7z010clg400-1/cfg/ports.xdc:145]
Resolution: If [get_<value>] was used to populate the object, check to make sure this command returns at least one valid object.
WARNING: [Vivado 12-584] No ports matched 'Vaux9_v_p'. [/home/ksalone/Loitsut/red-pitaya-notes-xc7z010clg400-1/cfg/ports.xdc:146]
CRITICAL WARNING: [Common 17-55] 'set_property' expects at least one object. [/home/ksalone/Loitsut/red-pitaya-notes-xc7z010clg400-1/cfg/ports.xdc:146]
Resolution: If [get_<value>] was used to populate the object, check to make sure this command returns at least one valid object.
WARNING: [Vivado 12-584] No ports matched 'Vaux9_v_n'. [/home/ksalone/Loitsut/red-pitaya-notes-xc7z010clg400-1/cfg/ports.xdc:147]
CRITICAL WARNING: [Common 17-55] 'set_property' expects at least one object. [/home/ksalone/Loitsut/red-pitaya-notes-xc7z010clg400-1/cfg/ports.xdc:147]
Resolution: If [get_<value>] was used to populate the object, check to make sure this command returns at least one valid object.
WARNING: [Vivado 12-584] No ports matched 'daisy_p_o[*]'. [/home/ksalone/Loitsut/red-pitaya-notes-xc7z010clg400-1/cfg/ports.xdc:177]
CRITICAL WARNING: [Common 17-55] 'set_property' expects at least one object. [/home/ksalone/Loitsut/red-pitaya-notes-xc7z010clg400-1/cfg/ports.xdc:177]
Resolution: If [get_<value>] was used to populate the object, check to make sure this command returns at least one valid object.
WARNING: [Vivado 12-584] No ports matched 'daisy_n_o[*]'. [/home/ksalone/Loitsut/red-pitaya-notes-xc7z010clg400-1/cfg/ports.xdc:178]
CRITICAL WARNING: [Common 17-55] 'set_property' expects at least one object. [/home/ksalone/Loitsut/red-pitaya-notes-xc7z010clg400-1/cfg/ports.xdc:178]
Resolution: If [get_<value>] was used to populate the object, check to make sure this command returns at least one valid object.
WARNING: [Vivado 12-584] No ports matched 'daisy_p_i[*]'. [/home/ksalone/Loitsut/red-pitaya-notes-xc7z010clg400-1/cfg/ports.xdc:180]
CRITICAL WARNING: [Common 17-55] 'set_property' expects at least one object. [/home/ksalone/Loitsut/red-pitaya-notes-xc7z010clg400-1/cfg/ports.xdc:180]
Resolution: If [get_<value>] was used to populate the object, check to make sure this command returns at least one valid object.
WARNING: [Vivado 12-584] No ports matched 'daisy_n_i[*]'. [/home/ksalone/Loitsut/red-pitaya-notes-xc7z010clg400-1/cfg/ports.xdc:181]
CRITICAL WARNING: [Common 17-55] 'set_property' expects at least one object. [/home/ksalone/Loitsut/red-pitaya-notes-xc7z010clg400-1/cfg/ports.xdc:181]
Resolution: If [get_<value>] was used to populate the object, check to make sure this command returns at least one valid object.
WARNING: [Vivado 12-584] No ports matched 'daisy_p_o[0]'. [/home/ksalone/Loitsut/red-pitaya-notes-xc7z010clg400-1/cfg/ports.xdc:183]
CRITICAL WARNING: [Common 17-55] 'set_property' expects at least one object. [/home/ksalone/Loitsut/red-pitaya-notes-xc7z010clg400-1/cfg/ports.xdc:183]
Resolution: If [get_<value>] was used to populate the object, check to make sure this command returns at least one valid object.
WARNING: [Vivado 12-584] No ports matched 'daisy_n_o[0]'. [/home/ksalone/Loitsut/red-pitaya-notes-xc7z010clg400-1/cfg/ports.xdc:184]
CRITICAL WARNING: [Common 17-55] 'set_property' expects at least one object. [/home/ksalone/Loitsut/red-pitaya-notes-xc7z010clg400-1/cfg/ports.xdc:184]
Resolution: If [get_<value>] was used to populate the object, check to make sure this command returns at least one valid object.
WARNING: [Vivado 12-584] No ports matched 'daisy_p_o[1]'. [/home/ksalone/Loitsut/red-pitaya-notes-xc7z010clg400-1/cfg/ports.xdc:186]
CRITICAL WARNING: [Common 17-55] 'set_property' expects at least one object. [/home/ksalone/Loitsut/red-pitaya-notes-xc7z010clg400-1/cfg/ports.xdc:186]
Resolution: If [get_<value>] was used to populate the object, check to make sure this command returns at least one valid object.
WARNING: [Vivado 12-584] No ports matched 'daisy_n_o[1]'. [/home/ksalone/Loitsut/red-pitaya-notes-xc7z010clg400-1/cfg/ports.xdc:187]
CRITICAL WARNING: [Common 17-55] 'set_property' expects at least one object. [/home/ksalone/Loitsut/red-pitaya-notes-xc7z010clg400-1/cfg/ports.xdc:187]
Resolution: If [get_<value>] was used to populate the object, check to make sure this command returns at least one valid object.
WARNING: [Vivado 12-584] No ports matched 'daisy_p_i[0]'. [/home/ksalone/Loitsut/red-pitaya-notes-xc7z010clg400-1/cfg/ports.xdc:189]
CRITICAL WARNING: [Common 17-55] 'set_property' expects at least one object. [/home/ksalone/Loitsut/red-pitaya-notes-xc7z010clg400-1/cfg/ports.xdc:189]
Resolution: If [get_<value>] was used to populate the object, check to make sure this command returns at least one valid object.
WARNING: [Vivado 12-584] No ports matched 'daisy_n_i[0]'. [/home/ksalone/Loitsut/red-pitaya-notes-xc7z010clg400-1/cfg/ports.xdc:190]
CRITICAL WARNING: [Common 17-55] 'set_property' expects at least one object. [/home/ksalone/Loitsut/red-pitaya-notes-xc7z010clg400-1/cfg/ports.xdc:190]
Resolution: If [get_<value>] was used to populate the object, check to make sure this command returns at least one valid object.
WARNING: [Vivado 12-584] No ports matched 'daisy_p_i[1]'. [/home/ksalone/Loitsut/red-pitaya-notes-xc7z010clg400-1/cfg/ports.xdc:192]
CRITICAL WARNING: [Common 17-55] 'set_property' expects at least one object. [/home/ksalone/Loitsut/red-pitaya-notes-xc7z010clg400-1/cfg/ports.xdc:192]
Resolution: If [get_<value>] was used to populate the object, check to make sure this command returns at least one valid object.
WARNING: [Vivado 12-584] No ports matched 'daisy_n_i[1]'. [/home/ksalone/Loitsut/red-pitaya-notes-xc7z010clg400-1/cfg/ports.xdc:193]
CRITICAL WARNING: [Common 17-55] 'set_property' expects at least one object. [/home/ksalone/Loitsut/red-pitaya-notes-xc7z010clg400-1/cfg/ports.xdc:193]
Resolution: If [get_<value>] was used to populate the object, check to make sure this command returns at least one valid object.
WARNING: [Vivado 12-584] No ports matched 'led_o[1]'. [/home/ksalone/Loitsut/red-pitaya-notes-xc7z010clg400-1/cfg/ports.xdc:202]
CRITICAL WARNING: [Common 17-55] 'set_property' expects at least one object. [/home/ksalone/Loitsut/red-pitaya-notes-xc7z010clg400-1/cfg/ports.xdc:202]
Resolution: If [get_<value>] was used to populate the object, check to make sure this command returns at least one valid object.
WARNING: [Vivado 12-584] No ports matched 'led_o[2]'. [/home/ksalone/Loitsut/red-pitaya-notes-xc7z010clg400-1/cfg/ports.xdc:203]
CRITICAL WARNING: [Common 17-55] 'set_property' expects at least one object. [/home/ksalone/Loitsut/red-pitaya-notes-xc7z010clg400-1/cfg/ports.xdc:203]
Resolution: If [get_<value>] was used to populate the object, check to make sure this command returns at least one valid object.
WARNING: [Vivado 12-584] No ports matched 'led_o[3]'. [/home/ksalone/Loitsut/red-pitaya-notes-xc7z010clg400-1/cfg/ports.xdc:204]
CRITICAL WARNING: [Common 17-55] 'set_property' expects at least one object. [/home/ksalone/Loitsut/red-pitaya-notes-xc7z010clg400-1/cfg/ports.xdc:204]
Resolution: If [get_<value>] was used to populate the object, check to make sure this command returns at least one valid object.
WARNING: [Vivado 12-584] No ports matched 'led_o[4]'. [/home/ksalone/Loitsut/red-pitaya-notes-xc7z010clg400-1/cfg/ports.xdc:205]
CRITICAL WARNING: [Common 17-55] 'set_property' expects at least one object. [/home/ksalone/Loitsut/red-pitaya-notes-xc7z010clg400-1/cfg/ports.xdc:205]
Resolution: If [get_<value>] was used to populate the object, check to make sure this command returns at least one valid object.
WARNING: [Vivado 12-584] No ports matched 'led_o[5]'. [/home/ksalone/Loitsut/red-pitaya-notes-xc7z010clg400-1/cfg/ports.xdc:206]
CRITICAL WARNING: [Common 17-55] 'set_property' expects at least one object. [/home/ksalone/Loitsut/red-pitaya-notes-xc7z010clg400-1/cfg/ports.xdc:206]
Resolution: If [get_<value>] was used to populate the object, check to make sure this command returns at least one valid object.
WARNING: [Vivado 12-584] No ports matched 'led_o[6]'. [/home/ksalone/Loitsut/red-pitaya-notes-xc7z010clg400-1/cfg/ports.xdc:207]
CRITICAL WARNING: [Common 17-55] 'set_property' expects at least one object. [/home/ksalone/Loitsut/red-pitaya-notes-xc7z010clg400-1/cfg/ports.xdc:207]
Resolution: If [get_<value>] was used to populate the object, check to make sure this command returns at least one valid object.
WARNING: [Vivado 12-584] No ports matched 'led_o[7]'. [/home/ksalone/Loitsut/red-pitaya-notes-xc7z010clg400-1/cfg/ports.xdc:208]
CRITICAL WARNING: [Common 17-55] 'set_property' expects at least one object. [/home/ksalone/Loitsut/red-pitaya-notes-xc7z010clg400-1/cfg/ports.xdc:208]
Resolution: If [get_<value>] was used to populate the object, check to make sure this command returns at least one valid object.
Finished Parsing XDC File [/home/ksalone/Loitsut/red-pitaya-notes-xc7z010clg400-1/cfg/ports.xdc]
INFO: [Opt 31-138] Pushed 0 inverter(s) to 0 load pin(s).
Netlist sorting complete. Time (s): cpu = 00:00:00 ; elapsed = 00:00:00 . Memory (MB): peak = 3079.727 ; gain = 0.000 ; free physical = 7463 ; free virtual = 12022
INFO: [Project 1-111] Unisim Transformation Summary:
No Unisim elements were transformed.

12 Infos, 39 Warnings, 39 Critical Warnings and 0 Errors encountered.
link_design completed successfully
link_design: Time (s): cpu = 00:00:12 ; elapsed = 00:00:12 . Memory (MB): peak = 3079.727 ; gain = 1022.438 ; free physical = 7463 ; free virtual = 12022
Command: opt_design -directive ExploreWithRemap
INFO: [Vivado_Tcl 4-136] Directive used for opt_design is: ExploreWithRemap
Attempting to get a license for feature 'Implementation' and/or device 'xc7z010'
INFO: [Common 17-349] Got license for feature 'Implementation' and/or device 'xc7z010'
Running DRC as a precondition to command opt_design

Starting DRC Task
INFO: [DRC 23-27] Running DRC with 8 threads
INFO: [Project 1-461] DRC finished with 0 Errors, 16 Warnings
INFO: [Project 1-462] Please refer to the DRC report (report_drc) for more information.

Time (s): cpu = 00:00:00.92 ; elapsed = 00:00:00.6 . Memory (MB): peak = 3079.727 ; gain = 0.000 ; free physical = 7459 ; free virtual = 12019

Starting Logic Optimization Task
INFO: [Timing 38-35] Done setting XDC timing constraints.

Phase 1 Retarget
INFO: [Opt 31-138] Pushed 0 inverter(s) to 0 load pin(s).
INFO: [Opt 31-49] Retargeted 0 cell(s).
Phase 1 Retarget | Checksum: 1567095da

Time (s): cpu = 00:00:00.06 ; elapsed = 00:00:00.06 . Memory (MB): peak = 3315.461 ; gain = 31.812 ; free physical = 7181 ; free virtual = 11740
INFO: [Opt 31-389] Phase Retarget created 0 cells and removed 24 cells
INFO: [Opt 31-1021] In phase Retarget, 1 netlist objects are constrained preventing optimization. Please run opt_design with -debug_log to get more detail. 

Phase 2 Constant propagation
INFO: [Opt 31-138] Pushed 0 inverter(s) to 0 load pin(s).
Phase 2 Constant propagation | Checksum: 1567095da

Time (s): cpu = 00:00:00.06 ; elapsed = 00:00:00.06 . Memory (MB): peak = 3315.461 ; gain = 31.812 ; free physical = 7181 ; free virtual = 11740
INFO: [Opt 31-389] Phase Constant propagation created 0 cells and removed 0 cells

Phase 3 Sweep
Phase 3 Sweep | Checksum: 1ebf04f0d

Time (s): cpu = 00:00:00.11 ; elapsed = 00:00:00.1 . Memory (MB): peak = 3315.461 ; gain = 31.812 ; free physical = 7181 ; free virtual = 11740
INFO: [Opt 31-389] Phase Sweep created 0 cells and removed 17 cells

Phase 4 BUFG optimization
Phase 4 BUFG optimization | Checksum: 1ebf04f0d

Time (s): cpu = 00:00:00.11 ; elapsed = 00:00:00.11 . Memory (MB): peak = 3315.461 ; gain = 31.812 ; free physical = 7181 ; free virtual = 11740
INFO: [Opt 31-662] Phase BUFG optimization created 0 cells of which 0 are BUFGs and removed 0 cells.

Phase 5 Shift Register Optimization
INFO: [Opt 31-1064] SRL Remap converted 0 SRLs to 0 registers and converted 0 registers of register chains to 0 SRLs
Phase 5 Shift Register Optimization | Checksum: 1e196885e

Time (s): cpu = 00:00:00.14 ; elapsed = 00:00:00.13 . Memory (MB): peak = 3315.461 ; gain = 31.812 ; free physical = 7181 ; free virtual = 11740
INFO: [Opt 31-389] Phase Shift Register Optimization created 0 cells and removed 0 cells
INFO: [Opt 31-1555] control_set_opt supports Versal devices only, and device 7z010 is unsupported

Phase 6 Remap
Phase 6 Remap | Checksum: 1e196885e

Time (s): cpu = 00:00:02 ; elapsed = 00:00:02 . Memory (MB): peak = 3315.461 ; gain = 31.812 ; free physical = 7149 ; free virtual = 11717
INFO: [Opt 31-389] Phase Remap created 0 cells and removed 0 cells

Phase 7 Post Processing Netlist
Phase 7 Post Processing Netlist | Checksum: 1e196885e

Time (s): cpu = 00:00:02 ; elapsed = 00:00:02 . Memory (MB): peak = 3315.461 ; gain = 31.812 ; free physical = 7149 ; free virtual = 11717
INFO: [Opt 31-389] Phase Post Processing Netlist created 0 cells and removed 0 cells
Opt_design Change Summary
=========================


-------------------------------------------------------------------------------------------------------------------------
|  Phase                        |  #Cells created  |  #Cells Removed  |  #Constrained objects preventing optimizations  |
-------------------------------------------------------------------------------------------------------------------------
|  Retarget                     |               0  |              24  |                                              1  |
|  Constant propagation         |               0  |               0  |                                              0  |
|  Sweep                        |               0  |              17  |                                              0  |
|  BUFG optimization            |               0  |               0  |                                              0  |
|  Shift Register Optimization  |               0  |               0  |                                              0  |
|  Remap                        |               0  |               0  |                                              0  |
|  Post Processing Netlist      |               0  |               0  |                                              0  |
-------------------------------------------------------------------------------------------------------------------------



Starting Connectivity Check Task

Time (s): cpu = 00:00:00 ; elapsed = 00:00:00 . Memory (MB): peak = 3315.461 ; gain = 0.000 ; free physical = 7149 ; free virtual = 11717
Ending Logic Optimization Task | Checksum: 1e196885e

Time (s): cpu = 00:00:02 ; elapsed = 00:00:02 . Memory (MB): peak = 3315.461 ; gain = 31.812 ; free physical = 7149 ; free virtual = 11717

Starting Netlist Obfuscation Task
Netlist sorting complete. Time (s): cpu = 00:00:00 ; elapsed = 00:00:00 . Memory (MB): peak = 3315.461 ; gain = 0.000 ; free physical = 7149 ; free virtual = 11717
Ending Netlist Obfuscation Task | Checksum: 1e196885e

Time (s): cpu = 00:00:00 ; elapsed = 00:00:00 . Memory (MB): peak = 3315.461 ; gain = 0.000 ; free physical = 7149 ; free virtual = 11717
INFO: [Common 17-83] Releasing license: Implementation
32 Infos, 39 Warnings, 39 Critical Warnings and 0 Errors encountered.
opt_design completed successfully
INFO: [runtcl-4] Executing : report_drc -file system_wrapper_drc_opted.rpt -pb system_wrapper_drc_opted.pb -rpx system_wrapper_drc_opted.rpx
Command: report_drc -file system_wrapper_drc_opted.rpt -pb system_wrapper_drc_opted.pb -rpx system_wrapper_drc_opted.rpx
INFO: [IP_Flow 19-1839] IP Catalog is up to date.
INFO: [DRC 23-27] Running DRC with 8 threads
INFO: [Vivado_Tcl 2-168] The results of DRC are in file /home/ksalone/Loitsut/red-pitaya-notes-xc7z010clg400-1/tmp/led_blinker.runs/impl_1/system_wrapper_drc_opted.rpt.
report_drc completed successfully
INFO: [Timing 38-480] Writing timing data to binary archive.
Writing XDEF routing.
Writing XDEF routing logical nets.
Writing XDEF routing special nets.
Write XDEF Complete: Time (s): cpu = 00:00:00.16 ; elapsed = 00:00:00.04 . Memory (MB): peak = 3421.348 ; gain = 0.000 ; free physical = 7120 ; free virtual = 11689
INFO: [Common 17-1381] The checkpoint '/home/ksalone/Loitsut/red-pitaya-notes-xc7z010clg400-1/tmp/led_blinker.runs/impl_1/system_wrapper_opt.dcp' has been generated.
Command: place_design -directive Explore
Attempting to get a license for feature 'Implementation' and/or device 'xc7z010'
INFO: [Common 17-349] Got license for feature 'Implementation' and/or device 'xc7z010'
INFO: [DRC 23-27] Running DRC with 8 threads
INFO: [Vivado_Tcl 4-198] DRC finished with 0 Errors
INFO: [Vivado_Tcl 4-199] Please refer to the DRC report (report_drc) for more information.
Running DRC as a precondition to command place_design
INFO: [DRC 23-27] Running DRC with 8 threads
INFO: [Vivado_Tcl 4-198] DRC finished with 0 Errors
INFO: [Vivado_Tcl 4-199] Please refer to the DRC report (report_drc) for more information.

Starting Placer Task
INFO: [Place 46-5] The placer was invoked with the 'Explore' directive.
INFO: [Place 30-611] Multithreading enabled for place_design using a maximum of 8 CPUs

Phase 1 Placer Initialization

Phase 1.1 Placer Initialization Netlist Sorting
Netlist sorting complete. Time (s): cpu = 00:00:00 ; elapsed = 00:00:00 . Memory (MB): peak = 3456.332 ; gain = 0.000 ; free physical = 7123 ; free virtual = 11692
Phase 1.1 Placer Initialization Netlist Sorting | Checksum: 182ddbaf3

Time (s): cpu = 00:00:00 ; elapsed = 00:00:00 . Memory (MB): peak = 3456.332 ; gain = 0.000 ; free physical = 7123 ; free virtual = 11692
Netlist sorting complete. Time (s): cpu = 00:00:00 ; elapsed = 00:00:00 . Memory (MB): peak = 3456.332 ; gain = 0.000 ; free physical = 7123 ; free virtual = 11692

Phase 1.2 IO Placement/ Clock Placement/ Build Placer Device
INFO: [Timing 38-35] Done setting XDC timing constraints.
Phase 1.2 IO Placement/ Clock Placement/ Build Placer Device | Checksum: 139b0b834

Time (s): cpu = 00:00:00.4 ; elapsed = 00:00:00.22 . Memory (MB): peak = 3456.332 ; gain = 0.000 ; free physical = 7122 ; free virtual = 11691

Phase 1.3 Build Placer Netlist Model
WARNING: [Place 30-2953] Timing driven mode will be turned off because no critical terminals were found.
Phase 1.3 Build Placer Netlist Model | Checksum: 170a894c2

Time (s): cpu = 00:00:00.7 ; elapsed = 00:00:00.3 . Memory (MB): peak = 3456.332 ; gain = 0.000 ; free physical = 7122 ; free virtual = 11691

Phase 1.4 Constrain Clocks/Macros
Phase 1.4 Constrain Clocks/Macros | Checksum: 170a894c2

Time (s): cpu = 00:00:00.7 ; elapsed = 00:00:00.3 . Memory (MB): peak = 3456.332 ; gain = 0.000 ; free physical = 7122 ; free virtual = 11691
Phase 1 Placer Initialization | Checksum: 170a894c2

Time (s): cpu = 00:00:00.71 ; elapsed = 00:00:00.3 . Memory (MB): peak = 3456.332 ; gain = 0.000 ; free physical = 7122 ; free virtual = 11691

Phase 2 Global Placement

Phase 2.1 Floorplanning
Phase 2.1 Floorplanning | Checksum: 170a894c2

Time (s): cpu = 00:00:00.72 ; elapsed = 00:00:00.31 . Memory (MB): peak = 3456.332 ; gain = 0.000 ; free physical = 7122 ; free virtual = 11691

Phase 2.2 Update Timing before SLR Path Opt
Phase 2.2 Update Timing before SLR Path Opt | Checksum: 170a894c2

Time (s): cpu = 00:00:00.72 ; elapsed = 00:00:00.31 . Memory (MB): peak = 3456.332 ; gain = 0.000 ; free physical = 7122 ; free virtual = 11691

Phase 2.3 Post-Processing in Floorplanning
Phase 2.3 Post-Processing in Floorplanning | Checksum: 170a894c2

Time (s): cpu = 00:00:00.72 ; elapsed = 00:00:00.31 . Memory (MB): peak = 3456.332 ; gain = 0.000 ; free physical = 7122 ; free virtual = 11691

Phase 2.4 Global Placement Core
WARNING: [Place 46-29] Timing had been disabled during Placer and, therefore, physical synthesis in Placer will be skipped.
Phase 2.4 Global Placement Core | Checksum: 22057fa68

Time (s): cpu = 00:00:01 ; elapsed = 00:00:00.42 . Memory (MB): peak = 3456.332 ; gain = 0.000 ; free physical = 7117 ; free virtual = 11685
Phase 2 Global Placement | Checksum: 22057fa68

Time (s): cpu = 00:00:01 ; elapsed = 00:00:00.42 . Memory (MB): peak = 3456.332 ; gain = 0.000 ; free physical = 7117 ; free virtual = 11685

Phase 3 Detail Placement

Phase 3.1 Commit Multi Column Macros
Phase 3.1 Commit Multi Column Macros | Checksum: 22057fa68

Time (s): cpu = 00:00:01 ; elapsed = 00:00:00.42 . Memory (MB): peak = 3456.332 ; gain = 0.000 ; free physical = 7117 ; free virtual = 11685

Phase 3.2 Commit Most Macros & LUTRAMs
Phase 3.2 Commit Most Macros & LUTRAMs | Checksum: 211ff6fa2

Time (s): cpu = 00:00:01 ; elapsed = 00:00:00.43 . Memory (MB): peak = 3456.332 ; gain = 0.000 ; free physical = 7117 ; free virtual = 11685

Phase 3.3 Area Swap Optimization
Phase 3.3 Area Swap Optimization | Checksum: 211ff6fa2

Time (s): cpu = 00:00:01 ; elapsed = 00:00:00.44 . Memory (MB): peak = 3456.332 ; gain = 0.000 ; free physical = 7117 ; free virtual = 11685

Phase 3.4 Pipeline Register Optimization
Phase 3.4 Pipeline Register Optimization | Checksum: 211ff6fa2

Time (s): cpu = 00:00:01 ; elapsed = 00:00:00.44 . Memory (MB): peak = 3456.332 ; gain = 0.000 ; free physical = 7117 ; free virtual = 11685

Phase 3.5 Small Shape Detail Placement
Phase 3.5 Small Shape Detail Placement | Checksum: 211ff6fa2

Time (s): cpu = 00:00:02 ; elapsed = 00:00:00.46 . Memory (MB): peak = 3456.332 ; gain = 0.000 ; free physical = 7116 ; free virtual = 11685

Phase 3.6 Re-assign LUT pins
Phase 3.6 Re-assign LUT pins | Checksum: 211ff6fa2

Time (s): cpu = 00:00:02 ; elapsed = 00:00:00.46 . Memory (MB): peak = 3456.332 ; gain = 0.000 ; free physical = 7116 ; free virtual = 11685

Phase 3.7 Pipeline Register Optimization
Phase 3.7 Pipeline Register Optimization | Checksum: 211ff6fa2

Time (s): cpu = 00:00:02 ; elapsed = 00:00:00.46 . Memory (MB): peak = 3456.332 ; gain = 0.000 ; free physical = 7116 ; free virtual = 11685
Phase 3 Detail Placement | Checksum: 211ff6fa2

Time (s): cpu = 00:00:02 ; elapsed = 00:00:00.47 . Memory (MB): peak = 3456.332 ; gain = 0.000 ; free physical = 7116 ; free virtual = 11685

Phase 4 Post Placement Optimization and Clean-Up

Phase 4.1 Post Commit Optimization
Phase 4.1 Post Commit Optimization | Checksum: 211ff6fa2

Time (s): cpu = 00:00:02 ; elapsed = 00:00:00.48 . Memory (MB): peak = 3456.332 ; gain = 0.000 ; free physical = 7116 ; free virtual = 11685

Phase 4.2 Post Placement Cleanup
Phase 4.2 Post Placement Cleanup | Checksum: 211ff6fa2

Time (s): cpu = 00:00:02 ; elapsed = 00:00:00.49 . Memory (MB): peak = 3456.332 ; gain = 0.000 ; free physical = 7116 ; free virtual = 11685

Phase 4.3 Placer Reporting

Phase 4.3.1 Print Estimated Congestion
INFO: [Place 30-612] Post-Placement Estimated Congestion 
 ____________________________________________________
|           | Global Congestion | Short Congestion  |
| Direction | Region Size       | Region Size       |
|___________|___________________|___________________|
|      North|                1x1|                1x1|
|___________|___________________|___________________|
|      South|                1x1|                1x1|
|___________|___________________|___________________|
|       East|                1x1|                1x1|
|___________|___________________|___________________|
|       West|                1x1|                1x1|
|___________|___________________|___________________|

Phase 4.3.1 Print Estimated Congestion | Checksum: 211ff6fa2

Time (s): cpu = 00:00:02 ; elapsed = 00:00:00.49 . Memory (MB): peak = 3456.332 ; gain = 0.000 ; free physical = 7116 ; free virtual = 11685
Phase 4.3 Placer Reporting | Checksum: 211ff6fa2

Time (s): cpu = 00:00:02 ; elapsed = 00:00:00.49 . Memory (MB): peak = 3456.332 ; gain = 0.000 ; free physical = 7116 ; free virtual = 11685

Phase 4.4 Final Placement Cleanup
Netlist sorting complete. Time (s): cpu = 00:00:00 ; elapsed = 00:00:00 . Memory (MB): peak = 3456.332 ; gain = 0.000 ; free physical = 7116 ; free virtual = 11685

Time (s): cpu = 00:00:02 ; elapsed = 00:00:00.49 . Memory (MB): peak = 3456.332 ; gain = 0.000 ; free physical = 7116 ; free virtual = 11685
Phase 4 Post Placement Optimization and Clean-Up | Checksum: 211ff6fa2

Time (s): cpu = 00:00:02 ; elapsed = 00:00:00.5 . Memory (MB): peak = 3456.332 ; gain = 0.000 ; free physical = 7116 ; free virtual = 11685
Ending Placer Task | Checksum: 11d0c8f8b

Time (s): cpu = 00:00:02 ; elapsed = 00:00:00.5 . Memory (MB): peak = 3456.332 ; gain = 0.000 ; free physical = 7116 ; free virtual = 11685
INFO: [Common 17-83] Releasing license: Implementation
50 Infos, 41 Warnings, 39 Critical Warnings and 0 Errors encountered.
place_design completed successfully
INFO: [runtcl-4] Executing : report_io -file system_wrapper_io_placed.rpt
report_io: Time (s): cpu = 00:00:00.1 ; elapsed = 00:00:00.13 . Memory (MB): peak = 3456.332 ; gain = 0.000 ; free physical = 7110 ; free virtual = 11679
INFO: [runtcl-4] Executing : report_utilization -file system_wrapper_utilization_placed.rpt -pb system_wrapper_utilization_placed.pb
INFO: [runtcl-4] Executing : report_control_sets -verbose -file system_wrapper_control_sets_placed.rpt
report_control_sets: Time (s): cpu = 00:00:00.02 ; elapsed = 00:00:00.04 . Memory (MB): peak = 3456.332 ; gain = 0.000 ; free physical = 7111 ; free virtual = 11680
INFO: [Timing 38-480] Writing timing data to binary archive.
Writing XDEF routing.
Writing XDEF routing logical nets.
Writing XDEF routing special nets.
Write XDEF Complete: Time (s): cpu = 00:00:00.14 ; elapsed = 00:00:00.05 . Memory (MB): peak = 3456.332 ; gain = 0.000 ; free physical = 7108 ; free virtual = 11679
INFO: [Common 17-1381] The checkpoint '/home/ksalone/Loitsut/red-pitaya-notes-xc7z010clg400-1/tmp/led_blinker.runs/impl_1/system_wrapper_placed.dcp' has been generated.
Command: phys_opt_design -directive Explore
Attempting to get a license for feature 'Implementation' and/or device 'xc7z010'
INFO: [Common 17-349] Got license for feature 'Implementation' and/or device 'xc7z010'
INFO: [Vivado_Tcl 4-137] Directive used for phys_opt_design is: Explore

Starting Initial Update Timing Task
INFO: [Timing 38-35] Done setting XDC timing constraints.

Time (s): cpu = 00:00:00.06 ; elapsed = 00:00:00.05 . Memory (MB): peak = 3456.332 ; gain = 0.000 ; free physical = 7101 ; free virtual = 11670
INFO: [Vivado_Tcl 4-383] Design worst setup slack (WNS) is greater than or equal to 0.000 ns. Skipping all physical synthesis optimizations.
INFO: [Vivado_Tcl 4-232] No setup violation found. The netlist was not modified.
INFO: [Common 17-83] Releasing license: Implementation
61 Infos, 41 Warnings, 39 Critical Warnings and 0 Errors encountered.
phys_opt_design completed successfully
INFO: [Timing 38-480] Writing timing data to binary archive.
Writing XDEF routing.
Writing XDEF routing logical nets.
Writing XDEF routing special nets.
Write XDEF Complete: Time (s): cpu = 00:00:00.14 ; elapsed = 00:00:00.05 . Memory (MB): peak = 3456.332 ; gain = 0.000 ; free physical = 7092 ; free virtual = 11664
INFO: [Common 17-1381] The checkpoint '/home/ksalone/Loitsut/red-pitaya-notes-xc7z010clg400-1/tmp/led_blinker.runs/impl_1/system_wrapper_physopt.dcp' has been generated.
Command: route_design -directive NoTimingRelaxation -tns_cleanup
Attempting to get a license for feature 'Implementation' and/or device 'xc7z010'
INFO: [Common 17-349] Got license for feature 'Implementation' and/or device 'xc7z010'
Running DRC as a precondition to command route_design
INFO: [DRC 23-27] Running DRC with 8 threads
INFO: [Vivado_Tcl 4-198] DRC finished with 0 Errors
INFO: [Vivado_Tcl 4-199] Please refer to the DRC report (report_drc) for more information.


Starting Routing Task
INFO: [Route 35-270] Using Router directive 'NoTimingRelaxation'.
INFO: [Route 35-254] Multithreading enabled for route_design using a maximum of 8 CPUs

Phase 1 Build RT Design
Checksum: PlaceDB: 7b48cba4 ConstDB: 0 ShapeSum: a1c3c3e7 RouteDB: 0
Post Restoration Checksum: NetGraph: 9b1b3ef3 | NumContArr: 401d714a | Constraints: 190a55ad | Timing: 0
Phase 1 Build RT Design | Checksum: f44305ea

Time (s): cpu = 00:00:08 ; elapsed = 00:00:07 . Memory (MB): peak = 3507.012 ; gain = 11.023 ; free physical = 7029 ; free virtual = 11592

Phase 2 Router Initialization

Phase 2.1 Fix Topology Constraints
Phase 2.1 Fix Topology Constraints | Checksum: f44305ea

Time (s): cpu = 00:00:08 ; elapsed = 00:00:07 . Memory (MB): peak = 3507.012 ; gain = 11.023 ; free physical = 7029 ; free virtual = 11592

Phase 2.2 Pre Route Cleanup
Phase 2.2 Pre Route Cleanup | Checksum: f44305ea

Time (s): cpu = 00:00:08 ; elapsed = 00:00:07 . Memory (MB): peak = 3507.012 ; gain = 11.023 ; free physical = 7029 ; free virtual = 11592
 Number of Nodes with overlaps = 0

Phase 2.3 Update Timing
Phase 2.3 Update Timing | Checksum: 1df382550

Time (s): cpu = 00:00:08 ; elapsed = 00:00:07 . Memory (MB): peak = 3514.012 ; gain = 18.023 ; free physical = 7022 ; free virtual = 11585
INFO: [Route 35-416] Intermediate Timing Summary | WNS=5.443  | TNS=0.000  | WHS=-0.015 | THS=-0.145 |


Router Utilization Summary
  Global Vertical Routing Utilization    = 0 %
  Global Horizontal Routing Utilization  = 0 %
  Routable Net Status*
  *Does not include unroutable nets such as driverless and loadless.
  Run report_route_status for detailed report.
  Number of Failed Nets               = 164
    (Failed Nets is the sum of unrouted and partially routed nets)
  Number of Unrouted Nets             = 164
  Number of Partially Routed Nets     = 0
  Number of Node Overlaps             = 0

Phase 2 Router Initialization | Checksum: 1b2890299

Time (s): cpu = 00:00:09 ; elapsed = 00:00:07 . Memory (MB): peak = 3518.012 ; gain = 22.023 ; free physical = 7018 ; free virtual = 11581

Phase 3 Initial Routing

Phase 3.1 Global Routing
Phase 3.1 Global Routing | Checksum: 1b2890299

Time (s): cpu = 00:00:09 ; elapsed = 00:00:07 . Memory (MB): peak = 3518.012 ; gain = 22.023 ; free physical = 7018 ; free virtual = 11581
 Number of Nodes with overlaps = 0
Phase 3 Initial Routing | Checksum: 15354c3dc

Time (s): cpu = 00:00:09 ; elapsed = 00:00:07 . Memory (MB): peak = 3518.012 ; gain = 22.023 ; free physical = 7018 ; free virtual = 11581

Phase 4 Rip-up And Reroute

Phase 4.1 Global Iteration 0
INFO: [Route 35-416] Intermediate Timing Summary | WNS=5.306  | TNS=0.000  | WHS=N/A    | THS=N/A    |

Phase 4.1 Global Iteration 0 | Checksum: 154ffe7dd

Time (s): cpu = 00:00:09 ; elapsed = 00:00:07 . Memory (MB): peak = 3518.012 ; gain = 22.023 ; free physical = 7018 ; free virtual = 11581
Phase 4 Rip-up And Reroute | Checksum: 154ffe7dd

Time (s): cpu = 00:00:09 ; elapsed = 00:00:07 . Memory (MB): peak = 3518.012 ; gain = 22.023 ; free physical = 7018 ; free virtual = 11581

Phase 5 Delay and Skew Optimization

Phase 5.1 TNS Cleanup

Phase 5.1.1 Delay CleanUp
Phase 5.1.1 Delay CleanUp | Checksum: 154ffe7dd

Time (s): cpu = 00:00:09 ; elapsed = 00:00:07 . Memory (MB): peak = 3518.012 ; gain = 22.023 ; free physical = 7018 ; free virtual = 11581
Phase 5.1 TNS Cleanup | Checksum: 154ffe7dd

Time (s): cpu = 00:00:09 ; elapsed = 00:00:07 . Memory (MB): peak = 3518.012 ; gain = 22.023 ; free physical = 7018 ; free virtual = 11581

Phase 5.2 Clock Skew Optimization
Phase 5.2 Clock Skew Optimization | Checksum: 154ffe7dd

Time (s): cpu = 00:00:09 ; elapsed = 00:00:07 . Memory (MB): peak = 3518.012 ; gain = 22.023 ; free physical = 7018 ; free virtual = 11581
Phase 5 Delay and Skew Optimization | Checksum: 154ffe7dd

Time (s): cpu = 00:00:09 ; elapsed = 00:00:07 . Memory (MB): peak = 3518.012 ; gain = 22.023 ; free physical = 7018 ; free virtual = 11581

Phase 6 Post Hold Fix

Phase 6.1 Hold Fix Iter

Phase 6.1.1 Update Timing
Phase 6.1.1 Update Timing | Checksum: 1628159d4

Time (s): cpu = 00:00:09 ; elapsed = 00:00:07 . Memory (MB): peak = 3518.012 ; gain = 22.023 ; free physical = 7018 ; free virtual = 11581
INFO: [Route 35-416] Intermediate Timing Summary | WNS=5.459  | TNS=0.000  | WHS=0.237  | THS=0.000  |

Phase 6.1 Hold Fix Iter | Checksum: 1628159d4

Time (s): cpu = 00:00:09 ; elapsed = 00:00:07 . Memory (MB): peak = 3518.012 ; gain = 22.023 ; free physical = 7018 ; free virtual = 11581
Phase 6 Post Hold Fix | Checksum: 1628159d4

Time (s): cpu = 00:00:09 ; elapsed = 00:00:07 . Memory (MB): peak = 3518.012 ; gain = 22.023 ; free physical = 7018 ; free virtual = 11581

Phase 7 Route finalize

Router Utilization Summary
  Global Vertical Routing Utilization    = 0.00112613 %
  Global Horizontal Routing Utilization  = 0.000459559 %
  Routable Net Status*
  *Does not include unroutable nets such as driverless and loadless.
  Run report_route_status for detailed report.
  Number of Failed Nets               = 0
    (Failed Nets is the sum of unrouted and partially routed nets)
  Number of Unrouted Nets             = 0
  Number of Partially Routed Nets     = 0
  Number of Node Overlaps             = 0

Phase 7 Route finalize | Checksum: 1628159d4

Time (s): cpu = 00:00:09 ; elapsed = 00:00:07 . Memory (MB): peak = 3518.012 ; gain = 22.023 ; free physical = 7018 ; free virtual = 11581

Phase 8 Verifying routed nets

 Verification completed successfully
Phase 8 Verifying routed nets | Checksum: 1628159d4

Time (s): cpu = 00:00:09 ; elapsed = 00:00:07 . Memory (MB): peak = 3518.012 ; gain = 22.023 ; free physical = 7017 ; free virtual = 11580

Phase 9 Depositing Routes
Phase 9 Depositing Routes | Checksum: 1818df13c

Time (s): cpu = 00:00:09 ; elapsed = 00:00:07 . Memory (MB): peak = 3518.012 ; gain = 22.023 ; free physical = 7017 ; free virtual = 11580

Phase 10 Post Router Timing
INFO: [Route 35-20] Post Routing Timing Summary | WNS=5.458  | TNS=0.000  | WHS=0.252  | THS=0.000  |

Phase 10 Post Router Timing | Checksum: 156685566

Time (s): cpu = 00:00:09 ; elapsed = 00:00:08 . Memory (MB): peak = 3518.012 ; gain = 22.023 ; free physical = 7017 ; free virtual = 11580
INFO: [Route 35-61] The design met the timing requirement.
INFO: [Route 35-16] Router Completed Successfully

Phase 11 Post-Route Event Processing
Phase 11 Post-Route Event Processing | Checksum: 14518d7a6

Time (s): cpu = 00:00:09 ; elapsed = 00:00:08 . Memory (MB): peak = 3518.012 ; gain = 22.023 ; free physical = 7017 ; free virtual = 11580

Time (s): cpu = 00:00:09 ; elapsed = 00:00:08 . Memory (MB): peak = 3518.012 ; gain = 22.023 ; free physical = 7017 ; free virtual = 11580

Routing Is Done.
INFO: [Common 17-83] Releasing license: Implementation
76 Infos, 41 Warnings, 39 Critical Warnings and 0 Errors encountered.
route_design completed successfully
route_design: Time (s): cpu = 00:00:10 ; elapsed = 00:00:08 . Memory (MB): peak = 3518.012 ; gain = 61.680 ; free physical = 7017 ; free virtual = 11580
INFO: [runtcl-4] Executing : report_drc -file system_wrapper_drc_routed.rpt -pb system_wrapper_drc_routed.pb -rpx system_wrapper_drc_routed.rpx
Command: report_drc -file system_wrapper_drc_routed.rpt -pb system_wrapper_drc_routed.pb -rpx system_wrapper_drc_routed.rpx
INFO: [IP_Flow 19-1839] IP Catalog is up to date.
INFO: [DRC 23-27] Running DRC with 8 threads
INFO: [Vivado_Tcl 2-168] The results of DRC are in file /home/ksalone/Loitsut/red-pitaya-notes-xc7z010clg400-1/tmp/led_blinker.runs/impl_1/system_wrapper_drc_routed.rpt.
report_drc completed successfully
INFO: [runtcl-4] Executing : report_methodology -file system_wrapper_methodology_drc_routed.rpt -pb system_wrapper_methodology_drc_routed.pb -rpx system_wrapper_methodology_drc_routed.rpx
Command: report_methodology -file system_wrapper_methodology_drc_routed.rpt -pb system_wrapper_methodology_drc_routed.pb -rpx system_wrapper_methodology_drc_routed.rpx
INFO: [Timing 38-35] Done setting XDC timing constraints.
INFO: [DRC 23-133] Running Methodology with 8 threads
INFO: [Vivado_Tcl 2-1520] The results of Report Methodology are in file /home/ksalone/Loitsut/red-pitaya-notes-xc7z010clg400-1/tmp/led_blinker.runs/impl_1/system_wrapper_methodology_drc_routed.rpt.
report_methodology completed successfully
INFO: [runtcl-4] Executing : report_power -file system_wrapper_power_routed.rpt -pb system_wrapper_power_summary_routed.pb -rpx system_wrapper_power_routed.rpx
Command: report_power -file system_wrapper_power_routed.rpt -pb system_wrapper_power_summary_routed.pb -rpx system_wrapper_power_routed.rpx
INFO: [Timing 38-35] Done setting XDC timing constraints.
Running Vector-less Activity Propagation...

Finished Running Vector-less Activity Propagation
86 Infos, 41 Warnings, 39 Critical Warnings and 0 Errors encountered.
report_power completed successfully
INFO: [runtcl-4] Executing : report_route_status -file system_wrapper_route_status.rpt -pb system_wrapper_route_status.pb
INFO: [runtcl-4] Executing : report_timing_summary -max_paths 10 -report_unconstrained -file system_wrapper_timing_summary_routed.rpt -pb system_wrapper_timing_summary_routed.pb -rpx system_wrapper_timing_summary_routed.rpx
INFO: [Timing 38-91] UpdateTimingParams: Speed grade: -1, Delay Type: min_max.
INFO: [Timing 38-191] Multithreading enabled for timing update using a maximum of 8 CPUs
INFO: [runtcl-4] Executing : report_incremental_reuse -file system_wrapper_incremental_reuse_routed.rpt
INFO: [Vivado_Tcl 4-1062] Incremental flow is disabled. No incremental reuse Info to report.
INFO: [runtcl-4] Executing : report_clock_utilization -file system_wrapper_clock_utilization_routed.rpt
INFO: [runtcl-4] Executing : report_bus_skew -warn_on_violation -file system_wrapper_bus_skew_routed.rpt -pb system_wrapper_bus_skew_routed.pb -rpx system_wrapper_bus_skew_routed.rpx
INFO: [Timing 38-91] UpdateTimingParams: Speed grade: -1, Delay Type: min_max.
INFO: [Timing 38-191] Multithreading enabled for timing update using a maximum of 8 CPUs
INFO: [Timing 38-480] Writing timing data to binary archive.
Writing XDEF routing.
Writing XDEF routing logical nets.
Writing XDEF routing special nets.
Write XDEF Complete: Time (s): cpu = 00:00:00.16 ; elapsed = 00:00:00.05 . Memory (MB): peak = 3634.805 ; gain = 0.000 ; free physical = 6993 ; free virtual = 11558
INFO: [Common 17-1381] The checkpoint '/home/ksalone/Loitsut/red-pitaya-notes-xc7z010clg400-1/tmp/led_blinker.runs/impl_1/system_wrapper_routed.dcp' has been generated.
Command: phys_opt_design -directive Explore
Attempting to get a license for feature 'Implementation' and/or device 'xc7z010'
INFO: [Common 17-349] Got license for feature 'Implementation' and/or device 'xc7z010'
INFO: [Vivado_Tcl 4-241] Physical synthesis in post route mode 
INFO: [Vivado_Tcl 4-137] Directive used for phys_opt_design is: Explore

Starting Initial Update Timing Task

Time (s): cpu = 00:00:00.02 ; elapsed = 00:00:00.01 . Memory (MB): peak = 3634.805 ; gain = 0.000 ; free physical = 6992 ; free virtual = 11556
INFO: [Vivado_Tcl 4-383] Design worst setup slack (WNS) is greater than or equal to 0.000 ns. Skipping all physical synthesis optimizations.
INFO: [Vivado_Tcl 4-232] No setup violation found. The netlist was not modified.
INFO: [Common 17-83] Releasing license: Implementation
11 Infos, 0 Warnings, 0 Critical Warnings and 0 Errors encountered.
phys_opt_design completed successfully
INFO: [runtcl-4] Executing : report_timing_summary -max_paths 10 -report_unconstrained -warn_on_violation -file system_wrapper_timing_summary_postroute_physopted.rpt -pb system_wrapper_timing_summary_postroute_physopted.pb -rpx system_wrapper_timing_summary_postroute_physopted.rpx
INFO: [Timing 38-91] UpdateTimingParams: Speed grade: -1, Delay Type: min_max.
INFO: [Timing 38-191] Multithreading enabled for timing update using a maximum of 8 CPUs
INFO: [runtcl-4] Executing : report_bus_skew -warn_on_violation -file system_wrapper_bus_skew_postroute_physopted.rpt -pb system_wrapper_bus_skew_postroute_physopted.pb -rpx system_wrapper_bus_skew_postroute_physopted.rpx
INFO: [Timing 38-91] UpdateTimingParams: Speed grade: -1, Delay Type: min_max.
INFO: [Timing 38-191] Multithreading enabled for timing update using a maximum of 8 CPUs
INFO: [Timing 38-480] Writing timing data to binary archive.
Writing XDEF routing.
Writing XDEF routing logical nets.
Writing XDEF routing special nets.
Write XDEF Complete: Time (s): cpu = 00:00:00.14 ; elapsed = 00:00:00.05 . Memory (MB): peak = 3634.805 ; gain = 0.000 ; free physical = 6979 ; free virtual = 11546
INFO: [Common 17-1381] The checkpoint '/home/ksalone/Loitsut/red-pitaya-notes-xc7z010clg400-1/tmp/led_blinker.runs/impl_1/system_wrapper_postroute_physopt.dcp' has been generated.
INFO: [Common 17-206] Exiting Vivado at Mon Aug 12 19:45:48 2024...
